Started GET "/" for ::1 at 2024-01-13 10:26:18 +0900
Processing by Rails::WelcomeController#index as HTML
  Rendering C:/Users/hiroaki/.gem/ruby/3.2.0/gems/railties-7.0.8/lib/rails/templates/rails/welcome/index.html.erb
  Rendered C:/Users/hiroaki/.gem/ruby/3.2.0/gems/railties-7.0.8/lib/rails/templates/rails/welcome/index.html.erb (Duration: 4.2ms | Allocations: 665)
Completed 200 OK in 69ms (Views: 17.2ms | ActiveRecord: 0.0ms | Allocations: 7905)


Started GET "/" for ::1 at 2024-01-13 10:28:45 +0900
Processing by Rails::WelcomeController#index as HTML
  Rendering C:/Users/hiroaki/.gem/ruby/3.2.0/gems/railties-7.0.8/lib/rails/templates/rails/welcome/index.html.erb
  Rendered C:/Users/hiroaki/.gem/ruby/3.2.0/gems/railties-7.0.8/lib/rails/templates/rails/welcome/index.html.erb (Duration: 1.7ms | Allocations: 492)
Completed 200 OK in 30ms (Views: 7.5ms | ActiveRecord: 0.0ms | Allocations: 4438)


Started GET "/" for ::1 at 2024-01-13 11:27:35 +0900
  
ArgumentError (wrong number of arguments (given 0, expected 1..2)):
  
config/routes.rb:3:in `block in <main>'
config/routes.rb:1:in `<main>'
Started GET "/" for ::1 at 2024-01-13 11:27:54 +0900
Processing by Rails::WelcomeController#index as HTML
  Rendering C:/Users/hiroaki/.gem/ruby/3.2.0/gems/railties-7.0.8/lib/rails/templates/rails/welcome/index.html.erb
  Rendered C:/Users/hiroaki/.gem/ruby/3.2.0/gems/railties-7.0.8/lib/rails/templates/rails/welcome/index.html.erb (Duration: 0.5ms | Allocations: 257)
Completed 200 OK in 5ms (Views: 1.0ms | ActiveRecord: 0.0ms | Allocations: 839)


  [1m[35m (0.1ms)[0m  [1m[34mSELECT GET_LOCK('5277929974492897470', 0)[0m
  [1m[36mActiveRecord::SchemaMigration Load (0.2ms)[0m  [1m[34mSELECT `schema_migrations`.`version` FROM `schema_migrations` ORDER BY `schema_migrations`.`version` ASC[0m
  [1m[36mActiveRecord::InternalMetadata Load (0.9ms)[0m  [1m[34mSELECT * FROM `ar_internal_metadata` WHERE `ar_internal_metadata`.`key` = 'environment' ORDER BY `ar_internal_metadata`.`key` ASC LIMIT 1[0m
  [1m[36mActiveRecord::InternalMetadata Create (6.9ms)[0m  [1m[32mINSERT INTO `ar_internal_metadata` (`key`, `value`, `created_at`, `updated_at`) VALUES ('environment', 'development', '2024-01-18 14:28:20.469040', '2024-01-18 14:28:20.469043')[0m
Migrating to DeviseCreateUsers (20240118142412)
  [1m[35m (38.4ms)[0m  [1m[35mCREATE TABLE `users` (`id` bigint NOT NULL AUTO_INCREMENT PRIMARY KEY, `email` varchar(255) DEFAULT '' NOT NULL, `encrypted_password` varchar(255) DEFAULT '' NOT NULL, `reset_password_token` varchar(255), `reset_password_sent_at` datetime(6), `remember_created_at` datetime(6), `created_at` datetime(6) NOT NULL, `updated_at` datetime(6) NOT NULL)[0m
  [1m[35m (30.2ms)[0m  [1m[35mCREATE UNIQUE INDEX `index_users_on_email` ON `users` (`email`)[0m
  [1m[35m (29.5ms)[0m  [1m[35mCREATE UNIQUE INDEX `index_users_on_reset_password_token` ON `users` (`reset_password_token`)[0m
  [1m[36mActiveRecord::SchemaMigration Create (4.4ms)[0m  [1m[32mINSERT INTO `schema_migrations` (`version`) VALUES ('20240118142412')[0m
  [1m[35m (0.2ms)[0m  [1m[34mSELECT RELEASE_LOCK('5277929974492897470')[0m
  [1m[36mActiveRecord::SchemaMigration Load (0.2ms)[0m  [1m[34mSELECT `schema_migrations`.`version` FROM `schema_migrations` ORDER BY `schema_migrations`.`version` ASC[0m
